[2014-12-19 07:42:00] JPush.DEBUG: Send POST {"method":"POST","uri":"https://api.jpush.cn/v3/push","headers":{"User-Agent":"JPush-API-PHP-Client","Connection":"Keep-Alive","Charset":"UTF-8","Content-
Type":"application/json"},"body":"{\"platform\":\"all\",\"audience\":\"all\",\"notification\":{\"alert\":\"Hi, JPush\"},\"options\":{\"sendno\":17379,\"apns_production\":false}}"} []
[2014-12-19 07:42:02] JPush.DEBUG: Send POST 
{"method":"POST","uri":"https://api.jpush.cn/v3/push","headers":{"User-Agent":"JPush-API-PHP-Client","Connection":"Keep-Alive","Charset":"UTF-8","Content-Type":"application/json"},"body":"{\"platform\":\"all\",\"audience\":\"all\",
\"notification\":{\"alert\":\"Hi, JPush\",\"ios\":{\"alert\":\"Hi, IOS\",\"sound\":\"happy\",\"badge\":\"+1\"}},\"options\":{\"sendno\":86991,\"apns_production\":false}}"} []
[2014-12-19 07:42:02] JPush.DEBUG: Send POST 
{"method":"POST","uri":"https://api.jpush.cn/v3/push","headers":{"User-Agent":"JPush-API-PHP-Client","Connection":"Keep-Alive","Charset":"UTF-8","Content-Type":"application/json"},"body":"{\"platform\":[\"ios\",\"android\"],\"audience
\":{\"tag\":[\"555\",\"666\"],\"alias\":[\"555\",\"666\"]},\"notification\":{\"alert\":\"Hi, JPush\",\"android\":{\"alert\":\"Hi, android\"},\"ios\":{\"alert\":\"Hi, ios\",\"sound\":\"happy\",\"badge\":1,\"content-available\":1,
\"category\":\"THE-CATEGORY\"}},\"message\":{\"msg_content\":\"msg content\",\"extras\":{\"key\":\"value\"}},\"options\":{\"sendno\":123456,\"apns_production\":false,\"big_push_duration\":0}}"} []
[2014-12-19 07:42:03] JPush.DEBUG: Send 
POST {"method":"POST","uri":"https://api.jpush.cn/v3/push","headers":{"User-Agent":"JPush-API-PHP-Client","Connection":"Keep-Alive","Charset":"UTF-8","Content-Type":"application/json"},"body":"{\"platform\":\"all\",\"audience\":[\"no 
one\"],\"notification\":{\"alert\":\"Hi, JPush\"},\"options\":{\"sendno\":24228,\"apns_production\":false}}"} []
[2014-12-19 07:44:39] JPush.DEBUG: Send GET 
{"method":"GET","uri":"https://device.jpush.cn/v3/devices/0900e8d85ef","headers":{"User-Agent":"JPush-API-PHP-Client","Connection":"Keep-Alive","Charset":"UTF-8","Content-Type":"application/json"},"body":null} []
[2014-12-19 07:44:40] 
JPush.DEBUG: Send POST {"method":"POST","uri":"https://device.jpush.cn/v3/devices/0900e8d85ef","headers":{"User-Agent":"JPush-API-PHP-Client","Connection":"Keep-Alive","Charset":"UTF-8","Content-
Type":"application/json"},"body":"{\"alias\":\"\"}"} []
[2014-12-19 07:44:40] JPush.DEBUG: Send POST {"method":"POST","uri":"https://device.jpush.cn/v3/devices/0900e8d85ef","headers":{"User-Agent":"JPush-API-PHP-
Client","Connection":"Keep-Alive","Charset":"UTF-8","Content-Type":"application/json"},"body":"{\"tags\":\"\"}"} []
[2014-12-19 07:44:40] JPush.DEBUG: Send POST 
{"method":"POST","uri":"https://device.jpush.cn/v3/devices/0900e8d85ef","headers":{"User-Agent":"JPush-API-PHP-Client","Connection":"Keep-Alive","Charset":"UTF-8","Content-Type":"application/json"},"body":"{\"alias\":\"alias1\",\"tags
\":{\"add\":[\"tag1\",\"tag2\"],\"remove\":[\"tag3\"]}}"} []
[2014-12-19 07:44:40] JPush.DEBUG: Send GET {"method":"GET","uri":"https://device.jpush.cn/v3/tags/","headers":{"User-Agent":"JPush-API-PHP-Client","Connection":"Keep-
Alive","Charset":"UTF-8","Content-Type":"application/json"},"body":null} []
[2014-12-19 07:44:40] JPush.DEBUG: Send GET {"method":"GET","uri":"https://device.jpush.cn/v3/tags/tag1/registration_ids/0900e8d85ef","headers":{"User-
Agent":"JPush-API-PHP-Client","Connection":"Keep-Alive","Charset":"UTF-8","Content-Type":"application/json"},"body":null} []
[2014-12-19 07:44:41] JPush.DEBUG: Send POST 
{"method":"POST","uri":"https://device.jpush.cn/v3/tags/tag1","headers":{"User-Agent":"JPush-API-PHP-Client","Connection":"Keep-Alive","Charset":"UTF-8","Content-Type":"application/json"},"body":"{\"registration_ids\":{\"add\":
[\"0900e8d85ef\"],\"remove\":[\"0a04ad7d8b4\"]}}"} []
[2014-12-19 07:44:41] JPush.DEBUG: Send DELETE {"method":"DELETE","uri":"https://device.jpush.cn/v3/tags/tag2","headers":{"User-Agent":"JPush-API-PHP-Client","Connection":"Keep-
Alive","Charset":"UTF-8","Content-Type":"application/json"},"body":null} []
[2014-12-19 07:44:42] JPush.DEBUG: Send GET {"method":"GET","uri":"https://device.jpush.cn/v3/aliases/alias1?platform=ios,android","headers":{"User-
Agent":"JPush-API-PHP-Client","Connection":"Keep-Alive","Charset":"UTF-8","Content-Type":"application/json"},"body":null} []
[2014-12-19 07:44:43] JPush.DEBUG: Send DELETE 
{"method":"DELETE","uri":"https://device.jpush.cn/v3/aliases/alias2","headers":{"User-Agent":"JPush-API-PHP-Client","Connection":"Keep-Alive","Charset":"UTF-8","Content-Type":"application/json"},"body":null} []
[2014-12-19 07:54:51] 
JPush.DEBUG: Send POST {"method":"POST","uri":"https://api.jpush.cn/v3/push","headers":{"User-Agent":"JPush-API-PHP-Client","Connection":"Keep-Alive","Charset":"UTF-8","Content-Type":"application/json"},"body":"{\"platform\":\"all\",
\"audience\":\"all\",\"notification\":{\"alert\":\"Hi, JPush\"},\"options\":{\"sendno\":87296,\"apns_production\":false}}"} []
[2014-12-19 07:54:52] JPush.DEBUG: Send POST {"method":"POST","uri":"https://api.jpush.cn/v3/push","headers":
{"User-Agent":"JPush-API-PHP-Client","Connection":"Keep-Alive","Charset":"UTF-8","Content-Type":"application/json"},"body":"{\"platform\":\"all\",\"audience\":\"all\",\"notification\":{\"alert\":\"Hi, JPush\",\"ios\":{\"alert\":\"Hi, 
IOS\",\"sound\":\"happy\",\"badge\":\"+1\"}},\"options\":{\"sendno\":87522,\"apns_production\":false}}"} []
[2014-12-19 07:54:53] JPush.DEBUG: Send POST {"method":"POST","uri":"https://api.jpush.cn/v3/push","headers":{"User-
Agent":"JPush-API-PHP-Client","Connection":"Keep-Alive","Charset":"UTF-8","Content-Type":"application/json"},"body":"{\"platform\":[\"ios\",\"android\"],\"audience\":{\"tag\":[\"555\",\"666\"],\"alias\":[\"555\",\"666\"]},\"notification
\":{\"alert\":\"Hi, JPush\",\"android\":{\"alert\":\"Hi, android\"},\"ios\":{\"alert\":\"Hi, ios\",\"sound\":\"happy\",\"badge\":1,\"content-available\":1,\"category\":\"THE-CATEGORY\"}},\"message\":{\"msg_content\":\"msg content\",
\"extras\":{\"key\":\"value\"}},\"options\":{\"sendno\":123456,\"apns_production\":false,\"big_push_duration\":0}}"} []
[2014-12-19 07:54:55] JPush.DEBUG: Send POST {"method":"POST","uri":"https://api.jpush.cn/v3/push","headers":{"User-
Agent":"JPush-API-PHP-Client","Connection":"Keep-Alive","Charset":"UTF-8","Content-Type":"application/json"},"body":"{\"platform\":\"all\",\"audience\":[\"no one\"],\"notification\":{\"alert\":\"Hi, JPush\"},\"options\":{\"sendno
\":14358,\"apns_production\":false}}"} []
[2014-12-19 07:58:28] JPush.DEBUG: Send GET {"method":"GET","uri":"https://report.jpush.cn/v2/received?msg_ids=1150720279,1492401191,1150722083","headers":{"User-Agent":"JPush-API-PHP-
Client","Connection":"Keep-Alive","Charset":"UTF-8","Content-Type":"application/json"},"body":null} []
[2014-12-19 07:58:29] JPush.DEBUG: Send GET {"method":"GET","uri":"https://report.jpush.cn/v3/messages?
msg_ids=478284636,1150722083,979475499","headers":{"User-Agent":"JPush-API-PHP-Client","Connection":"Keep-Alive","Charset":"UTF-8","Content-Type":"application/json"},"body":null} []
[2014-12-19 07:58:29] JPush.DEBUG: Send GET 
{"method":"GET","uri":"https://report.jpush.cn/v3/users?time_unit=month&start=2014-09&duration=2","headers":{"User-Agent":"JPush-API-PHP-Client","Connection":"Keep-Alive","Charset":"UTF-8","Content-Type":"application/json"},"body":null} 
[]
[2014-12-19 10:13:06] JPush.DEBUG: Send POST {"method":"POST","uri":"https://api.jpush.cn/v3/push","headers":{"User-Agent":"JPush-API-PHP-Client","Connection":"Keep-Alive","Charset":"UTF-8","Content-
Type":"application/json"},"body":"{\"platform\":[\"ios\",\"android\"],\"audience\":{\"tag\":[\"555\"],\"alias\":[\"555\",\"666\"]},\"notification\":{\"alert\":\"Hi, JPush\",\"android\":{\"alert\":\"Hi, android\"},\"ios\":{\"alert\":\"Hi, 
ios\",\"sound\":\"happy\",\"badge\":1,\"content-available\":1,\"category\":\"THE-CATEGORY\"}},\"message\":{\"msg_content\":\"msg content\",\"extras\":{\"key\":\"value\"}},\"options\":{\"sendno\":123456,\"apns_production\":false,
\"big_push_duration\":0}}"} []
[2014-12-19 10:14:49] JPush.DEBUG: Send POST {"method":"POST","uri":"https://api.jpush.cn/v3/push","headers":{"User-Agent":"JPush-API-PHP-Client","Connection":"Keep-Alive","Charset":"UTF-8","Content-
Type":"application/json"},"body":"{\"platform\":[\"ios\",\"android\"],\"audience\":{\"tag\":[\"555\"],\"alias\":[\"555\",\"666\"]},\"notification\":{\"alert\":\"Hi, JPush\",\"android\":{\"alert\":\"Hi, android\"},\"ios\":{\"alert\":\"Hi, 
ios\",\"sound\":\"happy\",\"badge\":1,\"content-available\":1,\"category\":\"THE-CATEGORY\"}},\"message\":{\"msg_content\":\"msg content\",\"extras\":{\"key\":\"value\"}},\"options\":{\"sendno\":123456,\"apns_production\":false,
\"big_push_duration\":0}}"} []
[2014-12-19 10:16:41] JPush.DEBUG: Send POST {"method":"POST","uri":"https://api.jpush.cn/v3/push","headers":{"User-Agent":"JPush-API-PHP-Client","Connection":"Keep-Alive","Charset":"UTF-8","Content-
Type":"application/json"},"body":"{\"platform\":[\"ios\",\"android\"],\"audience\":{\"tag\":[\"555\"],\"alias\":[\"555\"]},\"notification\":{\"alert\":\"Hi, JPush\",\"android\":{\"alert\":\"Hi, android\"},\"ios\":{\"alert\":\"Hi, ios\",
\"sound\":\"happy\",\"badge\":1,\"content-available\":1,\"category\":\"THE-CATEGORY\"}},\"message\":{\"msg_content\":\"msg content\",\"extras\":{\"key\":\"value\"}},\"options\":{\"sendno\":123456,\"apns_production\":false,
\"big_push_duration\":0}}"} []
[2014-12-19 10:17:52] JPush.DEBUG: Send POST {"method":"POST","uri":"https://api.jpush.cn/v3/push","headers":{"User-Agent":"JPush-API-PHP-Client","Connection":"Keep-Alive","Charset":"UTF-8","Content-
Type":"application/json"},"body":"{\"platform\":[\"ios\",\"android\"],\"audience\":{\"tag\":[\"$channelid\"]},\"notification\":{\"alert\":\"Hi, JPush\",\"android\":{\"alert\":\"Hi, android\"},\"ios\":{\"alert\":\"Hi, ios\",\"sound\":
\"happy\",\"badge\":1,\"content-available\":1,\"category\":\"THE-CATEGORY\"}},\"message\":{\"msg_content\":\"msg content\",\"extras\":{\"key\":\"value\"}},\"options\":{\"sendno\":123456,\"apns_production\":false,\"big_push_duration
\":0}}"} []
[2014-12-19 10:29:23] JPush.DEBUG: Send POST {"method":"POST","uri":"https://api.jpush.cn/v3/push","headers":{"User-Agent":"JPush-API-PHP-Client","Connection":"Keep-Alive","Charset":"UTF-8","Content-
Type":"application/json"},"body":"{\"platform\":\"all\",\"audience\":\"all\",\"notification\":{\"alert\":\"Hi, JPush\"},\"options\":{\"sendno\":39017,\"apns_production\":false}}"} []
[2014-12-19 10:29:23] JPush.DEBUG: Send POST 
{"method":"POST","uri":"https://api.jpush.cn/v3/push","headers":{"User-Agent":"JPush-API-PHP-Client","Connection":"Keep-Alive","Charset":"UTF-8","Content-Type":"application/json"},"body":"{\"platform\":\"all\",\"audience\":\"all\",
\"notification\":{\"alert\":\"Hi, JPush\",\"ios\":{\"alert\":\"Hi, IOS\",\"sound\":\"happy\",\"badge\":\"+1\"}},\"options\":{\"sendno\":74497,\"apns_production\":false}}"} []
[2014-12-19 10:29:24] JPush.DEBUG: Send POST 
{"method":"POST","uri":"https://api.jpush.cn/v3/push","headers":{"User-Agent":"JPush-API-PHP-Client","Connection":"Keep-Alive","Charset":"UTF-8","Content-Type":"application/json"},"body":"{\"platform\":[\"ios\",\"android\"],\"audience
\":{\"tag\":[\"555\",\"666\"],\"alias\":[\"555\",\"666\"]},\"notification\":{\"alert\":\"Hi, JPush\",\"android\":{\"alert\":\"Hi, android\"},\"ios\":{\"alert\":\"Hi, ios\",\"sound\":\"happy\",\"badge\":1,\"content-available\":1,
\"category\":\"THE-CATEGORY\"}},\"message\":{\"msg_content\":\"msg content\",\"extras\":{\"key\":\"value\"}},\"options\":{\"sendno\":123456,\"apns_production\":false,\"big_push_duration\":0}}"} []
[2014-12-19 10:29:24] JPush.DEBUG: Send 
POST {"method":"POST","uri":"https://api.jpush.cn/v3/push","headers":{"User-Agent":"JPush-API-PHP-Client","Connection":"Keep-Alive","Charset":"UTF-8","Content-Type":"application/json"},"body":"{\"platform\":\"all\",\"audience\":[\"no 
one\"],\"notification\":{\"alert\":\"Hi, JPush\"},\"options\":{\"sendno\":52994,\"apns_production\":false}}"} []
[2014-12-19 11:14:29] JPush.DEBUG: Send POST {"method":"POST","uri":"https://api.jpush.cn/v3/push","headers":{"User-
Agent":"JPush-API-PHP-Client","Connection":"Keep-Alive","Charset":"UTF-8","Content-Type":"application/json"},"body":"{\"platform\":[\"ios\",\"android\"],\"audience\":{\"tag\":[\"123123\"]},\"notification\":{\"alert\":\"Hi, JPush\",
\"android\":{\"alert\":\"sdfsdf\"},\"ios\":{\"alert\":\"sdfsdf\",\"sound\":\"happy\",\"badge\":1,\"content-available\":1,\"category\":\"THE-CATEGORY\"}},\"message\":{\"msg_content\":\"sdfsdf\",\"extras\":{\"key\":\"value\"}},\"options
\":{\"sendno\":123456,\"apns_production\":false,\"big_push_duration\":0}}"} []
[2014-12-19 11:15:42] JPush.DEBUG: Send POST {"method":"POST","uri":"https://api.jpush.cn/v3/push","headers":{"User-Agent":"JPush-API-PHP-
Client","Connection":"Keep-Alive","Charset":"UTF-8","Content-Type":"application/json"},"body":"{\"platform\":[\"ios\",\"android\"],\"audience\":{\"tag\":[\"0900d8bbe96\"]},\"notification\":{\"alert\":\"Hi, JPush\",\"android\":{\"alert
\":\"sdfsdf\"},\"ios\":{\"alert\":\"sdfsdf\",\"sound\":\"happy\",\"badge\":1,\"content-available\":1,\"category\":\"THE-CATEGORY\"}},\"message\":{\"msg_content\":\"sdfsdf\",\"extras\":{\"key\":\"value\"}},\"options\":{\"sendno\":123456,
\"apns_production\":false,\"big_push_duration\":0}}"} []
[2014-12-22 10:23:45] JPush.DEBUG: Send POST {"method":"POST","uri":"https://api.jpush.cn/v3/push","headers":{"User-Agent":"JPush-API-PHP-Client","Connection":"Keep-
Alive","Charset":"UTF-8","Content-Type":"application/json"},"body":"{\"platform\":[\"ios\",\"android\"],\"audience\":{\"tag\":[\"0802f1b5895\"]},\"notification\":{\"alert\":\"Hi, JPush\",\"android\":{\"alert\":\"\\u5751\\u7239\"},\"ios
\":{\"alert\":\"\\u5751\\u7239\",\"sound\":\"happy\",\"badge\":1,\"content-available\":1,\"category\":\"THE-CATEGORY\"}},\"message\":{\"msg_content\":\"\\u5751\\u7239\",\"extras\":{\"key\":\"value\"}},\"options\":{\"sendno\":123456,
\"apns_production\":false,\"big_push_duration\":0}}"} []
[2014-12-22 10:25:21] JPush.DEBUG: Send POST {"method":"POST","uri":"https://api.jpush.cn/v3/push","headers":{"User-Agent":"JPush-API-PHP-Client","Connection":"Keep-
Alive","Charset":"UTF-8","Content-Type":"application/json"},"body":"{\"platform\":[\"ios\",\"android\"],\"audience\":{\"tag\":[\"0802f1b5895\"]},\"notification\":{\"alert\":\"Hi, JPush\",\"android\":{\"alert\":\"\\u5751\\u7239\"},\"ios
\":{\"alert\":\"\\u5751\\u7239\",\"sound\":\"happy\",\"badge\":1,\"content-available\":1,\"category\":\"THE-CATEGORY\"}},\"message\":{\"msg_content\":\"\\u5751\\u7239\",\"extras\":{\"key\":\"value\"}},\"options\":{\"sendno\":123456,
\"apns_production\":false,\"big_push_duration\":0}}"} []
[2014-12-22 10:25:42] JPush.DEBUG: Send POST {"method":"POST","uri":"https://api.jpush.cn/v3/push","headers":{"User-Agent":"JPush-API-PHP-Client","Connection":"Keep-
Alive","Charset":"UTF-8","Content-Type":"application/json"},"body":"{\"platform\":[\"ios\",\"android\"],\"audience\":{\"tag\":[\"0802f1b5895\"]},\"notification\":{\"alert\":\"Hi, JPush\",\"android\":{\"alert\":\"\\u5751\\u7239\"},\"ios
\":{\"alert\":\"\\u5751\\u7239\",\"sound\":\"happy\",\"badge\":1,\"content-available\":1,\"category\":\"THE-CATEGORY\"}},\"message\":{\"msg_content\":\"\\u5751\\u7239\",\"extras\":{\"key\":\"value\"}},\"options\":{\"sendno\":123456,
\"apns_production\":false,\"big_push_duration\":0}}"} []
[2014-12-22 10:33:12] JPush.DEBUG: Send POST {"method":"POST","uri":"https://api.jpush.cn/v3/push","headers":{"User-Agent":"JPush-API-PHP-Client","Connection":"Keep-
Alive","Charset":"UTF-8","Content-Type":"application/json"},"body":"{\"platform\":[\"ios\",\"android\"],\"audience\":{\"tag\":[\"0802f1b5895\"]},\"notification\":{\"alert\":\"Hi, JPush\",\"android\":{\"alert\":\"%E5%9D%91%E7%88%B9\"},
\"ios\":{\"alert\":\"%E5%9D%91%E7%88%B9\",\"sound\":\"happy\",\"badge\":1,\"content-available\":1,\"category\":\"THE-CATEGORY\"}},\"message\":{\"msg_content\":\"%E5%9D%91%E7%88%B9\",\"extras\":{\"key\":\"value\"}},\"options\":{\"sendno
\":123456,\"apns_production\":false,\"big_push_duration\":0}}"} []
[2014-12-22 10:37:40] JPush.DEBUG: Send POST {"method":"POST","uri":"https://api.jpush.cn/v3/push","headers":{"User-Agent":"JPush-API-PHP-Client","Connection":"Keep-
Alive","Charset":"UTF-8","Content-Type":"application/json"},"body":"{\"platform\":[\"ios\",\"android\"],\"audience\":{\"tag\":[\"0802f1b5895\"],\"alias\":[\"0802f1b5895\"]},\"notification\":{\"alert\":\"Hi, JPush\",\"android\":{\"alert
\":\"\\u5751\\u7239\"},\"ios\":{\"alert\":\"\\u5751\\u7239\",\"sound\":\"happy\",\"badge\":1,\"content-available\":1,\"category\":\"THE-CATEGORY\"}},\"message\":{\"msg_content\":\"\\u5751\\u7239\",\"extras\":{\"key\":\"value\"}},
\"options\":{\"sendno\":123456,\"apns_production\":false,\"big_push_duration\":0}}"} []
[2014-12-22 10:38:06] JPush.DEBUG: Send POST {"method":"POST","uri":"https://api.jpush.cn/v3/push","headers":{"User-Agent":"JPush-API-PHP-
Client","Connection":"Keep-Alive","Charset":"UTF-8","Content-Type":"application/json"},"body":"{\"platform\":[\"ios\",\"android\"],\"audience\":{\"tag\":[\"0802f1b5895\"],\"alias\":[\"0802f1b5895\"]},\"notification\":{\"alert\":\"Hi, 
JPush\",\"android\":{\"alert\":\"%E5%9D%91%E7%88%B9\"},\"ios\":{\"alert\":\"%E5%9D%91%E7%88%B9\",\"sound\":\"happy\",\"badge\":1,\"content-available\":1,\"category\":\"THE-CATEGORY\"}},\"message\":{\"msg_content\":\"%E5%9D
%91%E7%88%B9\",\"extras\":{\"key\":\"value\"}},\"options\":{\"sendno\":123456,\"apns_production\":false,\"big_push_duration\":0}}"} []
[2014-12-22 10:40:18] JPush.DEBUG: Send POST 
{"method":"POST","uri":"https://api.jpush.cn/v3/push","headers":{"User-Agent":"JPush-API-PHP-Client","Connection":"Keep-Alive","Charset":"UTF-8","Content-Type":"application/json"},"body":"{\"platform\":[\"ios\",\"android\"],\"audience
\":{\"tag\":[\"0802f1b5895\"],\"alias\":[\"0802f1b5895\"]},\"notification\":{\"alert\":\"Hi, JPush\",\"android\":{\"alert\":\"\\u5751\\u7239\"},\"ios\":{\"alert\":\"\\u5751\\u7239\",\"sound\":\"happy\",\"badge\":1,\"content-available
\":1,\"category\":\"THE-CATEGORY\"}},\"message\":{\"msg_content\":\"\\u5751\\u7239\",\"extras\":{\"key\":\"value\"}},\"options\":{\"sendno\":123456,\"apns_production\":false,\"big_push_duration\":0}}"} []
[2014-12-22 10:41:18] 
JPush.DEBUG: Send POST {"method":"POST","uri":"https://api.jpush.cn/v3/push","headers":{"User-Agent":"JPush-API-PHP-Client","Connection":"Keep-Alive","Charset":"UTF-8","Content-Type":"application/json"},"body":"{\"platform\":[\"ios\",
\"android\"],\"audience\":{\"tag\":[\"0802f1b5895\"],\"alias\":[\"0802f1b5895\"]},\"notification\":{\"alert\":\"\\u5751\\u7239\",\"android\":{\"alert\":\"\\u5751\\u7239\"},\"ios\":{\"alert\":\"\\u5751\\u7239\",\"sound\":\"happy\",
\"badge\":1,\"content-available\":1,\"category\":\"THE-CATEGORY\"}},\"message\":{\"msg_content\":\"\\u5751\\u7239\",\"extras\":{\"key\":\"value\"}},\"options\":{\"sendno\":123456,\"apns_production\":false,\"big_push_duration\":0}}"} []
[2014-12-22 10:43:19] JPush.DEBUG: Send POST {"method":"POST","uri":"https://api.jpush.cn/v3/push","headers":{"User-Agent":"JPush-API-PHP-Client","Connection":"Keep-Alive","Charset":"UTF-8","Content-
Type":"application/json"},"body":"{\"platform\":\"all\",\"audience\":\"all\",\"notification\":{\"alert\":\"\\u5751\\u7239\"},\"options\":{\"sendno\":24936,\"apns_production\":false}}"} []
[2014-12-22 10:43:58] JPush.DEBUG: Send POST 
{"method":"POST","uri":"https://api.jpush.cn/v3/push","headers":{"User-Agent":"JPush-API-PHP-Client","Connection":"Keep-Alive","Charset":"UTF-8","Content-Type":"application/json"},"body":"{\"platform\":\"all\",\"audience\":\"all\",
\"notification\":{\"alert\":\"\\u5751\\u7239\"},\"options\":{\"sendno\":74137,\"apns_production\":false}}"} []
[2014-12-22 10:45:06] JPush.DEBUG: Send POST {"method":"POST","uri":"https://api.jpush.cn/v3/push","headers":{"User-
Agent":"JPush-API-PHP-Client","Connection":"Keep-Alive","Charset":"UTF-8","Content-Type":"application/json"},"body":"{\"platform\":\"all\",\"audience\":\"all\",\"notification\":{\"alert\":\"\\u5751\\u7239\"},\"options\":{\"sendno
\":18307,\"apns_production\":false}}"} []
[2014-12-22 10:45:09] JPush.DEBUG: Send POST {"method":"POST","uri":"https://api.jpush.cn/v3/push","headers":{"User-Agent":"JPush-API-PHP-Client","Connection":"Keep-Alive","Charset":"UTF-
8","Content-Type":"application/json"},"body":"{\"platform\":\"all\",\"audience\":\"all\",\"notification\":{\"alert\":\"\\u5751\\u7239\"},\"options\":{\"sendno\":59403,\"apns_production\":false}}"} []
[2014-12-22 10:45:11] JPush.DEBUG: 
Send POST {"method":"POST","uri":"https://api.jpush.cn/v3/push","headers":{"User-Agent":"JPush-API-PHP-Client","Connection":"Keep-Alive","Charset":"UTF-8","Content-Type":"application/json"},"body":"{\"platform\":\"all\",\"audience\":
\"all\",\"notification\":{\"alert\":\"\\u5751\\u7239\"},\"options\":{\"sendno\":36770,\"apns_production\":false}}"} []
[2014-12-22 10:45:12] JPush.DEBUG: Send POST {"method":"POST","uri":"https://api.jpush.cn/v3/push","headers":{"User-
Agent":"JPush-API-PHP-Client","Connection":"Keep-Alive","Charset":"UTF-8","Content-Type":"application/json"},"body":"{\"platform\":\"all\",\"audience\":\"all\",\"notification\":{\"alert\":\"\\u5751\\u7239\"},\"options\":{\"sendno\":549,
\"apns_production\":false}}"} []
[2014-12-22 10:53:37] JPush.DEBUG: Send POST {"method":"POST","uri":"https://api.jpush.cn/v3/push","headers":{"User-Agent":"JPush-API-PHP-Client","Connection":"Keep-Alive","Charset":"UTF-8","Content-Type":"application/json"},"body":"{\"platform\":\"all\",\"audience\":\"all\",\"notification\":{\"alert\":\"Hi, JPush\"},\"options\":{\"sendno\":42364,\"apns_production\":false}}"} []
[2014-12-22 10:53:37] JPush.DEBUG: Send POST {"method":"POST","uri":"https://api.jpush.cn/v3/push","headers":{"User-Agent":"JPush-API-PHP-Client","Connection":"Keep-Alive","Charset":"UTF-8","Content-Type":"application/json"},"body":"{\"platform\":\"all\",\"audience\":\"all\",\"notification\":{\"alert\":\"Hi, JPush\",\"ios\":{\"alert\":\"Hi, IOS\",\"sound\":\"happy\",\"badge\":\"+1\"}},\"options\":{\"sendno\":8825,\"apns_production\":false}}"} []
[2014-12-22 10:53:37] JPush.DEBUG: Send POST {"method":"POST","uri":"https://api.jpush.cn/v3/push","headers":{"User-Agent":"JPush-API-PHP-Client","Connection":"Keep-Alive","Charset":"UTF-8","Content-Type":"application/json"},"body":"{\"platform\":[\"ios\",\"android\"],\"audience\":{\"tag\":[\"555\",\"666\"],\"alias\":[\"555\",\"666\"]},\"notification\":{\"alert\":\"Hi, JPush\",\"android\":{\"alert\":\"Hi, android\"},\"ios\":{\"alert\":\"Hi, ios\",\"sound\":\"happy\",\"badge\":1,\"content-available\":1,\"category\":\"THE-CATEGORY\"}},\"message\":{\"msg_content\":\"msg content\",\"extras\":{\"key\":\"value\"}},\"options\":{\"sendno\":123456,\"apns_production\":false,\"big_push_duration\":0}}"} []
[2014-12-22 10:53:38] JPush.DEBUG: Send POST {"method":"POST","uri":"https://api.jpush.cn/v3/push","headers":{"User-Agent":"JPush-API-PHP-Client","Connection":"Keep-Alive","Charset":"UTF-8","Content-Type":"application/json"},"body":"{\"platform\":\"all\",\"audience\":[\"no one\"],\"notification\":{\"alert\":\"Hi, JPush\"},\"options\":{\"sendno\":52875,\"apns_production\":false}}"} []
[2014-12-22 10:55:44] JPush.DEBUG: Send POST {"method":"POST","uri":"https://api.jpush.cn/v3/push","headers":{"User-Agent":"JPush-API-PHP-Client","Connection":"Keep-Alive","Charset":"UTF-8","Content-Type":"application/json"},"body":"{\"platform\":\"all\",\"audience\":\"all\",\"notification\":{\"alert\":\"Hi, JPush\"},\"options\":{\"sendno\":68653,\"apns_production\":false}}"} []
[2014-12-22 10:55:46] JPush.DEBUG: Send POST {"method":"POST","uri":"https://api.jpush.cn/v3/push","headers":{"User-Agent":"JPush-API-PHP-Client","Connection":"Keep-Alive","Charset":"UTF-8","Content-Type":"application/json"},"body":"{\"platform\":\"all\",\"audience\":\"all\",\"notification\":{\"alert\":\"Hi, JPush\",\"ios\":{\"alert\":\"Hi, IOS\",\"sound\":\"happy\",\"badge\":\"+1\"}},\"options\":{\"sendno\":40924,\"apns_production\":false}}"} []
[2014-12-22 10:55:49] JPush.DEBUG: Send POST {"method":"POST","uri":"https://api.jpush.cn/v3/push","headers":{"User-Agent":"JPush-API-PHP-Client","Connection":"Keep-Alive","Charset":"UTF-8","Content-Type":"application/json"},"body":"{\"platform\":[\"ios\",\"android\"],\"audience\":{\"tag\":[\"555\",\"666\"],\"alias\":[\"555\",\"666\"]},\"notification\":{\"alert\":\"Hi, JPush\",\"android\":{\"alert\":\"Hi, android\"},\"ios\":{\"alert\":\"Hi, ios\",\"sound\":\"happy\",\"badge\":1,\"content-available\":1,\"category\":\"THE-CATEGORY\"}},\"message\":{\"msg_content\":\"msg content\",\"extras\":{\"key\":\"value\"}},\"options\":{\"sendno\":123456,\"apns_production\":false,\"big_push_duration\":0}}"} []
[2014-12-22 10:55:50] JPush.DEBUG: Send POST {"method":"POST","uri":"https://api.jpush.cn/v3/push","headers":{"User-Agent":"JPush-API-PHP-Client","Connection":"Keep-Alive","Charset":"UTF-8","Content-Type":"application/json"},"body":"{\"platform\":\"all\",\"audience\":[\"no one\"],\"notification\":{\"alert\":\"Hi, JPush\"},\"options\":{\"sendno\":70081,\"apns_production\":false}}"} []
[2014-12-22 10:59:46] JPush.DEBUG: Send POST {"method":"POST","uri":"https://api.jpush.cn/v3/push","headers":{"User-Agent":"JPush-API-PHP-Client","Connection":"Keep-Alive","Charset":"UTF-8","Content-Type":"application/json"},"body":"{\"platform\":\"all\",\"audience\":\"all\",\"notification\":{\"alert\":\"Hi, JPush\"},\"options\":{\"sendno\":97138,\"apns_production\":false}}"} []
[2014-12-22 10:59:48] JPush.DEBUG: Send POST {"method":"POST","uri":"https://api.jpush.cn/v3/push","headers":{"User-Agent":"JPush-API-PHP-Client","Connection":"Keep-Alive","Charset":"UTF-8","Content-Type":"application/json"},"body":"{\"platform\":\"all\",\"audience\":\"all\",\"notification\":{\"alert\":\"Hi, JPush\",\"ios\":{\"alert\":\"Hi, IOS\",\"sound\":\"happy\",\"badge\":\"+1\"}},\"options\":{\"sendno\":28735,\"apns_production\":false}}"} []
[2014-12-22 10:59:51] JPush.DEBUG: Send POST {"method":"POST","uri":"https://api.jpush.cn/v3/push","headers":{"User-Agent":"JPush-API-PHP-Client","Connection":"Keep-Alive","Charset":"UTF-8","Content-Type":"application/json"},"body":"{\"platform\":[\"ios\",\"android\"],\"audience\":{\"tag\":[\"555\",\"666\"],\"alias\":[\"555\",\"666\"]},\"notification\":{\"alert\":\"Hi, JPush\",\"android\":{\"alert\":\"Hi, android\"},\"ios\":{\"alert\":\"Hi, ios\",\"sound\":\"happy\",\"badge\":1,\"content-available\":1,\"category\":\"THE-CATEGORY\"}},\"message\":{\"msg_content\":\"msg content\",\"extras\":{\"key\":\"value\"}},\"options\":{\"sendno\":123456,\"apns_production\":false,\"big_push_duration\":0}}"} []
[2014-12-22 10:59:51] JPush.DEBUG: Send POST {"method":"POST","uri":"https://api.jpush.cn/v3/push","headers":{"User-Agent":"JPush-API-PHP-Client","Connection":"Keep-Alive","Charset":"UTF-8","Content-Type":"application/json"},"body":"{\"platform\":\"all\",\"audience\":[\"no one\"],\"notification\":{\"alert\":\"Hi, JPush\"},\"options\":{\"sendno\":62140,\"apns_production\":false}}"} []
[2014-12-22 11:01:57] JPush.DEBUG: Send POST {"method":"POST","uri":"https://api.jpush.cn/v3/push","headers":{"User-Agent":"JPush-API-PHP-Client","Connection":"Keep-Alive","Charset":"UTF-8","Content-Type":"application/json"},"body":"{\"platform\":\"all\",\"audience\":\"all\",\"notification\":{\"alert\":\"Hi, JPush\"},\"options\":{\"sendno\":10241,\"apns_production\":false}}"} []
[2014-12-22 11:02:00] JPush.DEBUG: Send POST {"method":"POST","uri":"https://api.jpush.cn/v3/push","headers":{"User-Agent":"JPush-API-PHP-Client","Connection":"Keep-Alive","Charset":"UTF-8","Content-Type":"application/json"},"body":"{\"platform\":\"all\",\"audience\":\"all\",\"notification\":{\"alert\":\"Hi, JPush\",\"ios\":{\"alert\":\"Hi, IOS\",\"sound\":\"happy\",\"badge\":\"+1\"}},\"options\":{\"sendno\":26556,\"apns_production\":false}}"} []
[2014-12-22 11:02:01] JPush.DEBUG: Send POST {"method":"POST","uri":"https://api.jpush.cn/v3/push","headers":{"User-Agent":"JPush-API-PHP-Client","Connection":"Keep-Alive","Charset":"UTF-8","Content-Type":"application/json"},"body":"{\"platform\":[\"ios\",\"android\"],\"audience\":{\"tag\":[\"0802f1b5895\"],\"alias\":[\"0802f1b5895\"]},\"notification\":{\"alert\":\"Hi, JPush\",\"android\":{\"alert\":\"Hi, android\"},\"ios\":{\"alert\":\"Hi, ios\",\"sound\":\"happy\",\"badge\":1,\"content-available\":1,\"category\":\"THE-CATEGORY\"}},\"message\":{\"msg_content\":\"msg content\",\"extras\":{\"key\":\"value\"}},\"options\":{\"sendno\":123456,\"apns_production\":false,\"big_push_duration\":0}}"} []
[2014-12-22 11:02:04] JPush.DEBUG: Send POST {"method":"POST","uri":"https://api.jpush.cn/v3/push","headers":{"User-Agent":"JPush-API-PHP-Client","Connection":"Keep-Alive","Charset":"UTF-8","Content-Type":"application/json"},"body":"{\"platform\":\"all\",\"audience\":[\"no one\"],\"notification\":{\"alert\":\"Hi, JPush\"},\"options\":{\"sendno\":30224,\"apns_production\":false}}"} []
[2014-12-22 11:02:51] JPush.DEBUG: Send POST {"method":"POST","uri":"https://api.jpush.cn/v3/push","headers":{"User-Agent":"JPush-API-PHP-Client","Connection":"Keep-Alive","Charset":"UTF-8","Content-Type":"application/json"},"body":"{\"platform\":\"all\",\"audience\":\"all\",\"notification\":{\"alert\":\"Hi, JPush\"},\"options\":{\"sendno\":31012,\"apns_production\":false}}"} []
[2014-12-22 11:02:51] JPush.DEBUG: Send POST {"method":"POST","uri":"https://api.jpush.cn/v3/push","headers":{"User-Agent":"JPush-API-PHP-Client","Connection":"Keep-Alive","Charset":"UTF-8","Content-Type":"application/json"},"body":"{\"platform\":\"all\",\"audience\":\"all\",\"notification\":{\"alert\":\"Hi, JPush\",\"ios\":{\"alert\":\"Hi, IOS\",\"sound\":\"happy\",\"badge\":\"+1\"}},\"options\":{\"sendno\":54309,\"apns_production\":false}}"} []
[2014-12-22 11:02:52] JPush.DEBUG: Send POST {"method":"POST","uri":"https://api.jpush.cn/v3/push","headers":{"User-Agent":"JPush-API-PHP-Client","Connection":"Keep-Alive","Charset":"UTF-8","Content-Type":"application/json"},"body":"{\"platform\":[\"ios\",\"android\"],\"audience\":{\"tag\":[\"0802f1b5895\"],\"alias\":[\"0802f1b5895\"]},\"notification\":{\"alert\":\"Hi, JPush\",\"android\":{\"alert\":\"Hi, android\"},\"ios\":{\"alert\":\"Hi, ios\",\"sound\":\"happy\",\"badge\":1,\"content-available\":1,\"category\":\"THE-CATEGORY\"}},\"message\":{\"msg_content\":\"msg content\",\"extras\":{\"key\":\"value\"}},\"options\":{\"sendno\":123456,\"apns_production\":false,\"big_push_duration\":0}}"} []
[2014-12-22 11:02:53] JPush.DEBUG: Send POST {"method":"POST","uri":"https://api.jpush.cn/v3/push","headers":{"User-Agent":"JPush-API-PHP-Client","Connection":"Keep-Alive","Charset":"UTF-8","Content-Type":"application/json"},"body":"{\"platform\":\"all\",\"audience\":[\"no one\"],\"notification\":{\"alert\":\"Hi, JPush\"},\"options\":{\"sendno\":66132,\"apns_production\":false}}"} []
[2014-12-22 11:03:13] JPush.DEBUG: Send POST {"method":"POST","uri":"https://api.jpush.cn/v3/push","headers":{"User-Agent":"JPush-API-PHP-Client","Connection":"Keep-Alive","Charset":"UTF-8","Content-Type":"application/json"},"body":"{\"platform\":\"all\",\"audience\":\"all\",\"notification\":{\"alert\":\"Hi, JPush\"},\"options\":{\"sendno\":98121,\"apns_production\":false}}"} []
[2014-12-22 11:03:14] JPush.DEBUG: Send POST {"method":"POST","uri":"https://api.jpush.cn/v3/push","headers":{"User-Agent":"JPush-API-PHP-Client","Connection":"Keep-Alive","Charset":"UTF-8","Content-Type":"application/json"},"body":"{\"platform\":\"all\",\"audience\":\"all\",\"notification\":{\"alert\":\"Hi, JPush\",\"ios\":{\"alert\":\"Hi, IOS\",\"sound\":\"happy\",\"badge\":\"+1\"}},\"options\":{\"sendno\":72541,\"apns_production\":false}}"} []
[2014-12-22 11:03:15] JPush.DEBUG: Send POST {"method":"POST","uri":"https://api.jpush.cn/v3/push","headers":{"User-Agent":"JPush-API-PHP-Client","Connection":"Keep-Alive","Charset":"UTF-8","Content-Type":"application/json"},"body":"{\"platform\":[\"ios\",\"android\"],\"audience\":{\"tag\":[\"0802f1b5895\"],\"alias\":[\"0802f1b5895\"]},\"notification\":{\"alert\":\"Hi, JPush\",\"android\":{\"alert\":\"Hi, android\"},\"ios\":{\"alert\":\"Hi, ios\",\"sound\":\"happy\",\"badge\":1,\"content-available\":1,\"category\":\"THE-CATEGORY\"}},\"message\":{\"msg_content\":\"msg content\",\"extras\":{\"key\":\"value\"}},\"options\":{\"sendno\":123456,\"apns_production\":false,\"big_push_duration\":0}}"} []
[2014-12-22 11:03:17] JPush.DEBUG: Send POST {"method":"POST","uri":"https://api.jpush.cn/v3/push","headers":{"User-Agent":"JPush-API-PHP-Client","Connection":"Keep-Alive","Charset":"UTF-8","Content-Type":"application/json"},"body":"{\"platform\":\"all\",\"audience\":[\"no one\"],\"notification\":{\"alert\":\"Hi, JPush\"},\"options\":{\"sendno\":27282,\"apns_production\":false}}"} []
[2014-12-22 11:08:00] JPush.DEBUG: Send POST {"method":"POST","uri":"https://api.jpush.cn/v3/push","headers":{"User-Agent":"JPush-API-PHP-Client","Connection":"Keep-Alive","Charset":"UTF-8","Content-Type":"application/json"},"body":"{\"platform\":\"all\",\"audience\":\"all\",\"notification\":{\"alert\":\"Hi, JPush\"},\"options\":{\"sendno\":40863,\"apns_production\":false}}"} []
[2014-12-22 11:08:00] JPush.DEBUG: Send POST {"method":"POST","uri":"https://api.jpush.cn/v3/push","headers":{"User-Agent":"JPush-API-PHP-Client","Connection":"Keep-Alive","Charset":"UTF-8","Content-Type":"application/json"},"body":"{\"platform\":\"all\",\"audience\":\"all\",\"notification\":{\"alert\":\"Hi, JPush\",\"ios\":{\"alert\":\"Hi, IOS\",\"sound\":\"happy\",\"badge\":\"+1\"}},\"options\":{\"sendno\":57422,\"apns_production\":false}}"} []
[2014-12-22 11:08:00] JPush.DEBUG: Send POST {"method":"POST","uri":"https://api.jpush.cn/v3/push","headers":{"User-Agent":"JPush-API-PHP-Client","Connection":"Keep-Alive","Charset":"UTF-8","Content-Type":"application/json"},"body":"{\"platform\":[\"ios\",\"android\"],\"audience\":{\"tag\":[\"0802f1b5895\"],\"alias\":[\"0802f1b5895\"]},\"notification\":{\"alert\":\"Hi, JPush\",\"android\":{\"alert\":\"Hi, android\"},\"ios\":{\"alert\":\"Hi, ios\",\"sound\":\"happy\",\"badge\":1,\"content-available\":1,\"category\":\"THE-CATEGORY\"}},\"message\":{\"msg_content\":\"msg content\",\"extras\":{\"key\":\"value\"}},\"options\":{\"sendno\":123456,\"apns_production\":false,\"big_push_duration\":0}}"} []
[2014-12-22 11:08:01] JPush.DEBUG: Send POST {"method":"POST","uri":"https://api.jpush.cn/v3/push","headers":{"User-Agent":"JPush-API-PHP-Client","Connection":"Keep-Alive","Charset":"UTF-8","Content-Type":"application/json"},"body":"{\"platform\":\"all\",\"audience\":[\"no one\"],\"notification\":{\"alert\":\"Hi, JPush\"},\"options\":{\"sendno\":11724,\"apns_production\":false}}"} []
[2014-12-22 11:12:24] JPush.DEBUG: Send POST {"method":"POST","uri":"https://api.jpush.cn/v3/push","headers":{"User-Agent":"JPush-API-PHP-Client","Connection":"Keep-Alive","Charset":"UTF-8","Content-Type":"application/json"},"body":"{\"platform\":\"all\",\"audience\":\"all\",\"notification\":{\"alert\":\"Hi, JPush\"},\"options\":{\"sendno\":34094,\"apns_production\":false}}"} []
[2014-12-22 11:12:25] JPush.DEBUG: Send POST {"method":"POST","uri":"https://api.jpush.cn/v3/push","headers":{"User-Agent":"JPush-API-PHP-Client","Connection":"Keep-Alive","Charset":"UTF-8","Content-Type":"application/json"},"body":"{\"platform\":\"all\",\"audience\":\"all\",\"notification\":{\"alert\":\"Hi, JPush\",\"ios\":{\"alert\":\"Hi, IOS\",\"sound\":\"happy\",\"badge\":\"+1\"}},\"options\":{\"sendno\":93573,\"apns_production\":false}}"} []
[2014-12-22 11:12:28] JPush.DEBUG: Send POST {"method":"POST","uri":"https://api.jpush.cn/v3/push","headers":{"User-Agent":"JPush-API-PHP-Client","Connection":"Keep-Alive","Charset":"UTF-8","Content-Type":"application/json"},"body":"{\"platform\":[\"ios\",\"android\"],\"audience\":{\"tag\":[\"0802f1b5895\"],\"alias\":[\"0802f1b5895\"]},\"notification\":{\"alert\":\"Hi, JPush\",\"android\":{\"alert\":\"Hi, android\"},\"ios\":{\"alert\":\"Hi, ios\",\"sound\":\"happy\",\"badge\":1,\"content-available\":1,\"category\":\"THE-CATEGORY\"}},\"message\":{\"msg_content\":\"msg content\",\"extras\":{\"key\":\"value\"}},\"options\":{\"sendno\":123456,\"apns_production\":false,\"big_push_duration\":0}}"} []
[2014-12-22 11:12:28] JPush.DEBUG: Send POST {"method":"POST","uri":"https://api.jpush.cn/v3/push","headers":{"User-Agent":"JPush-API-PHP-Client","Connection":"Keep-Alive","Charset":"UTF-8","Content-Type":"application/json"},"body":"{\"platform\":\"all\",\"audience\":[\"no one\"],\"notification\":{\"alert\":\"Hi, JPush\"},\"options\":{\"sendno\":29468,\"apns_production\":false}}"} []
[2014-12-22 11:14:22] JPush.DEBUG: Send POST {"method":"POST","uri":"https://api.jpush.cn/v3/push","headers":{"User-Agent":"JPush-API-PHP-Client","Connection":"Keep-Alive","Charset":"UTF-8","Content-Type":"application/json"},"body":"{\"platform\":\"all\",\"audience\":\"all\",\"notification\":{\"alert\":\"Hi, JPush\"},\"options\":{\"sendno\":14044,\"apns_production\":false}}"} []
[2014-12-22 11:14:23] JPush.DEBUG: Send POST {"method":"POST","uri":"https://api.jpush.cn/v3/push","headers":{"User-Agent":"JPush-API-PHP-Client","Connection":"Keep-Alive","Charset":"UTF-8","Content-Type":"application/json"},"body":"{\"platform\":\"all\",\"audience\":\"all\",\"notification\":{\"alert\":\"Hi, JPush\",\"ios\":{\"alert\":\"Hi, IOS\",\"sound\":\"happy\",\"badge\":\"+1\"}},\"options\":{\"sendno\":35193,\"apns_production\":false}}"} []
[2014-12-22 11:14:24] JPush.DEBUG: Send POST {"method":"POST","uri":"https://api.jpush.cn/v3/push","headers":{"User-Agent":"JPush-API-PHP-Client","Connection":"Keep-Alive","Charset":"UTF-8","Content-Type":"application/json"},"body":"{\"platform\":[\"ios\",\"android\"],\"audience\":{\"tag\":[\"0802f1b5895\"],\"alias\":[\"0802f1b5895\"]},\"notification\":{\"alert\":\"Hi, JPush\",\"android\":{\"alert\":\"Hi, android\"},\"ios\":{\"alert\":\"Hi, ios\",\"sound\":\"happy\",\"badge\":1,\"content-available\":1,\"category\":\"THE-CATEGORY\"}},\"message\":{\"msg_content\":\"msg content\",\"extras\":{\"key\":\"value\"}},\"options\":{\"sendno\":123456,\"apns_production\":false,\"big_push_duration\":0}}"} []
[2014-12-22 11:14:25] JPush.DEBUG: Send POST {"method":"POST","uri":"https://api.jpush.cn/v3/push","headers":{"User-Agent":"JPush-API-PHP-Client","Connection":"Keep-Alive","Charset":"UTF-8","Content-Type":"application/json"},"body":"{\"platform\":\"all\",\"audience\":[\"no one\"],\"notification\":{\"alert\":\"Hi, JPush\"},\"options\":{\"sendno\":21429,\"apns_production\":false}}"} []
[2014-12-22 11:20:49] JPush.DEBUG: Send POST {"method":"POST","uri":"https://api.jpush.cn/v3/push","headers":{"User-Agent":"JPush-API-PHP-Client","Connection":"Keep-Alive","Charset":"UTF-8","Content-Type":"application/json"},"body":"{\"platform\":\"all\",\"audience\":\"all\",\"notification\":{\"alert\":\"Hi, JPush\"},\"options\":{\"sendno\":66895,\"apns_production\":false}}"} []
[2014-12-22 11:20:49] JPush.DEBUG: Send POST {"method":"POST","uri":"https://api.jpush.cn/v3/push","headers":{"User-Agent":"JPush-API-PHP-Client","Connection":"Keep-Alive","Charset":"UTF-8","Content-Type":"application/json"},"body":"{\"platform\":\"all\",\"audience\":\"all\",\"notification\":{\"alert\":\"Hi, JPush\",\"ios\":{\"alert\":\"Hi, IOS\",\"sound\":\"happy\",\"badge\":\"+1\"}},\"options\":{\"sendno\":56354,\"apns_production\":false}}"} []
[2014-12-22 11:20:51] JPush.DEBUG: Send POST {"method":"POST","uri":"https://api.jpush.cn/v3/push","headers":{"User-Agent":"JPush-API-PHP-Client","Connection":"Keep-Alive","Charset":"UTF-8","Content-Type":"application/json"},"body":"{\"platform\":[\"ios\",\"android\"],\"audience\":{\"tag\":[\"0802f1b5895\"],\"alias\":[\"0802f1b5895\"]},\"notification\":{\"alert\":\"Hi, JPush\",\"android\":{\"alert\":\"Hi, android\"},\"ios\":{\"alert\":\"Hi, ios\",\"sound\":\"happy\",\"badge\":1,\"content-available\":1,\"category\":\"THE-CATEGORY\"}},\"message\":{\"msg_content\":\"msg content\",\"extras\":{\"key\":\"value\"}},\"options\":{\"sendno\":123456,\"apns_production\":false,\"big_push_duration\":0}}"} []
[2014-12-22 11:20:52] JPush.DEBUG: Send POST {"method":"POST","uri":"https://api.jpush.cn/v3/push","headers":{"User-Agent":"JPush-API-PHP-Client","Connection":"Keep-Alive","Charset":"UTF-8","Content-Type":"application/json"},"body":"{\"platform\":\"all\",\"audience\":[\"no one\"],\"notification\":{\"alert\":\"Hi, JPush\"},\"options\":{\"sendno\":90198,\"apns_production\":false}}"} []
[2014-12-22 11:22:29] JPush.DEBUG: Send POST {"method":"POST","uri":"https://api.jpush.cn/v3/push","headers":{"User-Agent":"JPush-API-PHP-Client","Connection":"Keep-Alive","Charset":"UTF-8","Content-Type":"application/json"},"body":"{\"platform\":\"all\",\"audience\":\"all\",\"notification\":{\"alert\":\"Hi, JPush\"},\"options\":{\"sendno\":9442,\"apns_production\":false}}"} []
[2014-12-22 11:22:30] JPush.DEBUG: Send POST {"method":"POST","uri":"https://api.jpush.cn/v3/push","headers":{"User-Agent":"JPush-API-PHP-Client","Connection":"Keep-Alive","Charset":"UTF-8","Content-Type":"application/json"},"body":"{\"platform\":\"all\",\"audience\":\"all\",\"notification\":{\"alert\":\"Hi, JPush\",\"ios\":{\"alert\":\"Hi, IOS\",\"sound\":\"happy\",\"badge\":\"+1\"}},\"options\":{\"sendno\":20727,\"apns_production\":false}}"} []
[2014-12-22 11:22:32] JPush.DEBUG: Send POST {"method":"POST","uri":"https://api.jpush.cn/v3/push","headers":{"User-Agent":"JPush-API-PHP-Client","Connection":"Keep-Alive","Charset":"UTF-8","Content-Type":"application/json"},"body":"{\"platform\":[\"ios\",\"android\"],\"audience\":{\"tag\":[\"0802f1b5895\"],\"alias\":[\"0802f1b5895\"]},\"notification\":{\"alert\":\"Hi, JPush\",\"android\":{\"alert\":\"Hi, android\"},\"ios\":{\"alert\":\"Hi, ios\",\"sound\":\"happy\",\"badge\":1,\"content-available\":1,\"category\":\"THE-CATEGORY\"}},\"message\":{\"msg_content\":\"msg content\",\"extras\":{\"key\":\"value\"}},\"options\":{\"sendno\":123456,\"apns_production\":false,\"big_push_duration\":0}}"} []
[2014-12-22 11:22:33] JPush.DEBUG: Send POST {"method":"POST","uri":"https://api.jpush.cn/v3/push","headers":{"User-Agent":"JPush-API-PHP-Client","Connection":"Keep-Alive","Charset":"UTF-8","Content-Type":"application/json"},"body":"{\"platform\":\"all\",\"audience\":[\"no one\"],\"notification\":{\"alert\":\"Hi, JPush\"},\"options\":{\"sendno\":21319,\"apns_production\":false}}"} []
[2014-12-22 11:23:16] JPush.DEBUG: Send POST {"method":"POST","uri":"https://api.jpush.cn/v3/push","headers":{"User-Agent":"JPush-API-PHP-Client","Connection":"Keep-Alive","Charset":"UTF-8","Content-Type":"application/json"},"body":"{\"platform\":\"all\",\"audience\":\"all\",\"notification\":{\"alert\":\"Hi, JPush\"},\"options\":{\"sendno\":24109,\"apns_production\":false}}"} []
[2014-12-22 11:23:19] JPush.DEBUG: Send POST {"method":"POST","uri":"https://api.jpush.cn/v3/push","headers":{"User-Agent":"JPush-API-PHP-Client","Connection":"Keep-Alive","Charset":"UTF-8","Content-Type":"application/json"},"body":"{\"platform\":\"all\",\"audience\":\"all\",\"notification\":{\"alert\":\"Hi, JPush\",\"ios\":{\"alert\":\"Hi, IOS\",\"sound\":\"happy\",\"badge\":\"+1\"}},\"options\":{\"sendno\":82611,\"apns_production\":false}}"} []
[2014-12-22 11:23:20] JPush.DEBUG: Send POST {"method":"POST","uri":"https://api.jpush.cn/v3/push","headers":{"User-Agent":"JPush-API-PHP-Client","Connection":"Keep-Alive","Charset":"UTF-8","Content-Type":"application/json"},"body":"{\"platform\":[\"ios\",\"android\"],\"audience\":{\"tag\":[\"0802f1b5895\"],\"alias\":[\"0802f1b5895\"]},\"notification\":{\"alert\":\"Hi, JPush\",\"android\":{\"alert\":\"Hi, android\"},\"ios\":{\"alert\":\"Hi, ios\",\"sound\":\"happy\",\"badge\":1,\"content-available\":1,\"category\":\"THE-CATEGORY\"}},\"message\":{\"msg_content\":\"msg content\",\"extras\":{\"key\":\"value\"}},\"options\":{\"sendno\":123456,\"apns_production\":false,\"big_push_duration\":0}}"} []
[2014-12-22 11:23:20] JPush.DEBUG: Send POST {"method":"POST","uri":"https://api.jpush.cn/v3/push","headers":{"User-Agent":"JPush-API-PHP-Client","Connection":"Keep-Alive","Charset":"UTF-8","Content-Type":"application/json"},"body":"{\"platform\":\"all\",\"audience\":[\"no one\"],\"notification\":{\"alert\":\"Hi, JPush\"},\"options\":{\"sendno\":15966,\"apns_production\":false}}"} []
[2014-12-22 11:23:45] JPush.DEBUG: Send POST {"method":"POST","uri":"https://api.jpush.cn/v3/push","headers":{"User-Agent":"JPush-API-PHP-Client","Connection":"Keep-Alive","Charset":"UTF-8","Content-Type":"application/json"},"body":"{\"platform\":\"all\",\"audience\":\"all\",\"notification\":{\"alert\":\"Hi, JPush\"},\"options\":{\"sendno\":33941,\"apns_production\":false}}"} []
[2014-12-22 11:23:45] JPush.DEBUG: Send POST {"method":"POST","uri":"https://api.jpush.cn/v3/push","headers":{"User-Agent":"JPush-API-PHP-Client","Connection":"Keep-Alive","Charset":"UTF-8","Content-Type":"application/json"},"body":"{\"platform\":\"all\",\"audience\":\"all\",\"notification\":{\"alert\":\"Hi, JPush\",\"ios\":{\"alert\":\"Hi, IOS\",\"sound\":\"happy\",\"badge\":\"+1\"}},\"options\":{\"sendno\":61926,\"apns_production\":false}}"} []
[2014-12-22 11:23:46] JPush.DEBUG: Send POST {"method":"POST","uri":"https://api.jpush.cn/v3/push","headers":{"User-Agent":"JPush-API-PHP-Client","Connection":"Keep-Alive","Charset":"UTF-8","Content-Type":"application/json"},"body":"{\"platform\":[\"ios\",\"android\"],\"audience\":{\"tag\":[\"0802f1b5895\"],\"alias\":[\"0802f1b5895\"]},\"notification\":{\"alert\":\"Hi, JPush\",\"android\":{\"alert\":\"Hi, android\"},\"ios\":{\"alert\":\"Hi, ios\",\"sound\":\"happy\",\"badge\":1,\"content-available\":1,\"category\":\"THE-CATEGORY\"}},\"message\":{\"msg_content\":\"msg content\",\"extras\":{\"key\":\"value\"}},\"options\":{\"sendno\":123456,\"apns_production\":false,\"big_push_duration\":0}}"} []
[2014-12-22 11:23:46] JPush.DEBUG: Send POST {"method":"POST","uri":"https://api.jpush.cn/v3/push","headers":{"User-Agent":"JPush-API-PHP-Client","Connection":"Keep-Alive","Charset":"UTF-8","Content-Type":"application/json"},"body":"{\"platform\":\"all\",\"audience\":[\"no one\"],\"notification\":{\"alert\":\"Hi, JPush\"},\"options\":{\"sendno\":65936,\"apns_production\":false}}"} []
[2014-12-22 11:28:41] JPush.DEBUG: Send POST {"method":"POST","uri":"https://api.jpush.cn/v3/push","headers":{"User-Agent":"JPush-API-PHP-Client","Connection":"Keep-Alive","Charset":"UTF-8","Content-Type":"application/json"},"body":"{\"platform\":[\"ios\",\"android\"],\"audience\":{\"tag\":[\"0802f1b5895\"],\"alias\":[\"0802f1b5895\"]},\"notification\":{\"alert\":\"Hi, JPush\",\"android\":{\"alert\":\"Hi, android\"},\"ios\":{\"alert\":\"Hi, ios\",\"sound\":\"happy\",\"badge\":1,\"content-available\":1,\"category\":\"THE-CATEGORY\"}},\"message\":{\"msg_content\":\"msg content\",\"extras\":{\"key\":\"value\"}},\"options\":{\"sendno\":123456,\"apns_production\":false,\"big_push_duration\":0}}"} []
[2014-12-22 11:28:42] JPush.DEBUG: Send POST {"method":"POST","uri":"https://api.jpush.cn/v3/push","headers":{"User-Agent":"JPush-API-PHP-Client","Connection":"Keep-Alive","Charset":"UTF-8","Content-Type":"application/json"},"body":"{\"platform\":\"all\",\"audience\":[\"no one\"],\"notification\":{\"alert\":\"Hi, JPush\"},\"options\":{\"sendno\":54163,\"apns_production\":false}}"} []
[2014-12-22 11:29:09] JPush.DEBUG: Send POST {"method":"POST","uri":"https://api.jpush.cn/v3/push","headers":{"User-Agent":"JPush-API-PHP-Client","Connection":"Keep-Alive","Charset":"UTF-8","Content-Type":"application/json"},"body":"{\"platform\":\"all\",\"audience\":\"all\",\"notification\":{\"alert\":\"Hi, JPush\"},\"options\":{\"sendno\":75751,\"apns_production\":false}}"} []
[2014-12-22 11:29:09] JPush.DEBUG: Send POST {"method":"POST","uri":"https://api.jpush.cn/v3/push","headers":{"User-Agent":"JPush-API-PHP-Client","Connection":"Keep-Alive","Charset":"UTF-8","Content-Type":"application/json"},"body":"{\"platform\":\"all\",\"audience\":\"all\",\"notification\":{\"alert\":\"Hi, JPush\",\"ios\":{\"alert\":\"Hi, IOS\",\"sound\":\"happy\",\"badge\":\"+1\"}},\"options\":{\"sendno\":33130,\"apns_production\":false}}"} []
[2014-12-22 11:29:09] JPush.DEBUG: Send POST {"method":"POST","uri":"https://api.jpush.cn/v3/push","headers":{"User-Agent":"JPush-API-PHP-Client","Connection":"Keep-Alive","Charset":"UTF-8","Content-Type":"application/json"},"body":"{\"platform\":[\"ios\",\"android\"],\"audience\":{\"tag\":[\"0802f1b5895\"],\"alias\":[\"0802f1b5895\"]},\"notification\":{\"alert\":\"Hi, JPush\",\"android\":{\"alert\":\"Hi, android\"},\"ios\":{\"alert\":\"Hi, ios\",\"sound\":\"happy\",\"badge\":1,\"content-available\":1,\"category\":\"THE-CATEGORY\"}},\"message\":{\"msg_content\":\"msg content\",\"extras\":{\"key\":\"value\"}},\"options\":{\"sendno\":123456,\"apns_production\":false,\"big_push_duration\":0}}"} []
[2014-12-22 11:29:10] JPush.DEBUG: Send POST {"method":"POST","uri":"https://api.jpush.cn/v3/push","headers":{"User-Agent":"JPush-API-PHP-Client","Connection":"Keep-Alive","Charset":"UTF-8","Content-Type":"application/json"},"body":"{\"platform\":\"all\",\"audience\":[\"no one\"],\"notification\":{\"alert\":\"Hi, JPush\"},\"options\":{\"sendno\":73566,\"apns_production\":false}}"} []
[2014-12-22 11:32:09] JPush.DEBUG: Send POST {"method":"POST","uri":"https://api.jpush.cn/v3/push","headers":{"User-Agent":"JPush-API-PHP-Client","Connection":"Keep-Alive","Charset":"UTF-8","Content-Type":"application/json"},"body":"{\"platform\":\"all\",\"audience\":\"all\",\"notification\":{\"alert\":\"Hi, JPush\"},\"options\":{\"sendno\":77613,\"apns_production\":false}}"} []
[2014-12-22 11:32:09] JPush.DEBUG: Send POST {"method":"POST","uri":"https://api.jpush.cn/v3/push","headers":{"User-Agent":"JPush-API-PHP-Client","Connection":"Keep-Alive","Charset":"UTF-8","Content-Type":"application/json"},"body":"{\"platform\":\"all\",\"audience\":\"all\",\"notification\":{\"alert\":\"Hi, JPush\",\"ios\":{\"alert\":\"Hi, IOS\",\"sound\":\"happy\",\"badge\":\"+1\"}},\"options\":{\"sendno\":19220,\"apns_production\":false}}"} []
[2014-12-22 11:32:09] JPush.DEBUG: Send POST {"method":"POST","uri":"https://api.jpush.cn/v3/push","headers":{"User-Agent":"JPush-API-PHP-Client","Connection":"Keep-Alive","Charset":"UTF-8","Content-Type":"application/json"},"body":"{\"platform\":[\"ios\",\"android\"],\"audience\":{\"tag\":[\"0802f1b5895\"]},\"notification\":{\"alert\":\"Hi, JPush\",\"android\":{\"alert\":\"Hi, android\"},\"ios\":{\"alert\":\"Hi, ios\",\"sound\":\"happy\",\"badge\":1,\"content-available\":1,\"category\":\"THE-CATEGORY\"}},\"message\":{\"msg_content\":\"msg content\",\"extras\":{\"key\":\"value\"}},\"options\":{\"sendno\":123456,\"apns_production\":false,\"big_push_duration\":0}}"} []
[2014-12-22 11:32:10] JPush.DEBUG: Send POST {"method":"POST","uri":"https://api.jpush.cn/v3/push","headers":{"User-Agent":"JPush-API-PHP-Client","Connection":"Keep-Alive","Charset":"UTF-8","Content-Type":"application/json"},"body":"{\"platform\":\"all\",\"audience\":[\"no one\"],\"notification\":{\"alert\":\"Hi, JPush\"},\"options\":{\"sendno\":28650,\"apns_production\":false}}"} []
[2014-12-22 11:32:46] JPush.DEBUG: Send POST {"method":"POST","uri":"https://api.jpush.cn/v3/push","headers":{"User-Agent":"JPush-API-PHP-Client","Connection":"Keep-Alive","Charset":"UTF-8","Content-Type":"application/json"},"body":"{\"platform\":\"all\",\"audience\":\"all\",\"notification\":{\"alert\":\"Hi, JPush\"},\"options\":{\"sendno\":84418,\"apns_production\":false}}"} []
[2014-12-22 11:32:47] JPush.DEBUG: Send POST {"method":"POST","uri":"https://api.jpush.cn/v3/push","headers":{"User-Agent":"JPush-API-PHP-Client","Connection":"Keep-Alive","Charset":"UTF-8","Content-Type":"application/json"},"body":"{\"platform\":\"all\",\"audience\":\"all\",\"notification\":{\"alert\":\"Hi, JPush\",\"ios\":{\"alert\":\"Hi, IOS\",\"sound\":\"happy\",\"badge\":\"+1\"}},\"options\":{\"sendno\":30664,\"apns_production\":false}}"} []
[2014-12-22 11:32:48] JPush.DEBUG: Send POST {"method":"POST","uri":"https://api.jpush.cn/v3/push","headers":{"User-Agent":"JPush-API-PHP-Client","Connection":"Keep-Alive","Charset":"UTF-8","Content-Type":"application/json"},"body":"{\"platform\":[\"ios\",\"android\"],\"audience\":{\"tag\":[\"0802f1b5895\"],\"alias\":[\"0802f1b5895\"]},\"notification\":{\"alert\":\"Hi, JPush\",\"android\":{\"alert\":\"Hi, android\"},\"ios\":{\"alert\":\"Hi, ios\",\"sound\":\"happy\",\"badge\":1,\"content-available\":1,\"category\":\"THE-CATEGORY\"}},\"message\":{\"msg_content\":\"msg content\",\"extras\":{\"key\":\"value\"}},\"options\":{\"sendno\":123456,\"apns_production\":false,\"big_push_duration\":0}}"} []
[2014-12-22 11:32:48] JPush.DEBUG: Send POST {"method":"POST","uri":"https://api.jpush.cn/v3/push","headers":{"User-Agent":"JPush-API-PHP-Client","Connection":"Keep-Alive","Charset":"UTF-8","Content-Type":"application/json"},"body":"{\"platform\":\"all\",\"audience\":[\"no one\"],\"notification\":{\"alert\":\"Hi, JPush\"},\"options\":{\"sendno\":2154,\"apns_production\":false}}"} []
[2014-12-22 11:35:10] JPush.DEBUG: Send POST {"method":"POST","uri":"https://api.jpush.cn/v3/push","headers":{"User-Agent":"JPush-API-PHP-Client","Connection":"Keep-Alive","Charset":"UTF-8","Content-Type":"application/json"},"body":"{\"platform\":\"all\",\"audience\":\"all\",\"notification\":{\"alert\":\"Hi, JPush\"},\"options\":{\"sendno\":49280,\"apns_production\":false}}"} []
[2014-12-22 11:35:13] JPush.DEBUG: Send POST {"method":"POST","uri":"https://api.jpush.cn/v3/push","headers":{"User-Agent":"JPush-API-PHP-Client","Connection":"Keep-Alive","Charset":"UTF-8","Content-Type":"application/json"},"body":"{\"platform\":\"all\",\"audience\":\"all\",\"notification\":{\"alert\":\"Hi, JPush\",\"ios\":{\"alert\":\"Hi, IOS\",\"sound\":\"happy\",\"badge\":\"+1\"}},\"options\":{\"sendno\":63056,\"apns_production\":false}}"} []
[2014-12-22 11:35:14] JPush.DEBUG: Send POST {"method":"POST","uri":"https://api.jpush.cn/v3/push","headers":{"User-Agent":"JPush-API-PHP-Client","Connection":"Keep-Alive","Charset":"UTF-8","Content-Type":"application/json"},"body":"{\"platform\":[\"ios\",\"android\"],\"audience\":{\"registration_id\":[\"0802f1b5895\"],\"alias\":[\"0802f1b5895\"]},\"notification\":{\"alert\":\"Hi, JPush\",\"android\":{\"alert\":\"Hi, android\"},\"ios\":{\"alert\":\"Hi, ios\",\"sound\":\"happy\",\"badge\":1,\"content-available\":1,\"category\":\"THE-CATEGORY\"}},\"message\":{\"msg_content\":\"msg content\",\"extras\":{\"key\":\"value\"}},\"options\":{\"sendno\":123456,\"apns_production\":false,\"big_push_duration\":0}}"} []
[2014-12-22 11:35:17] JPush.DEBUG: Send POST {"method":"POST","uri":"https://api.jpush.cn/v3/push","headers":{"User-Agent":"JPush-API-PHP-Client","Connection":"Keep-Alive","Charset":"UTF-8","Content-Type":"application/json"},"body":"{\"platform\":\"all\",\"audience\":[\"no one\"],\"notification\":{\"alert\":\"Hi, JPush\"},\"options\":{\"sendno\":122,\"apns_production\":false}}"} []
[2014-12-22 11:35:46] JPush.DEBUG: Send POST {"method":"POST","uri":"https://api.jpush.cn/v3/push","headers":{"User-Agent":"JPush-API-PHP-Client","Connection":"Keep-Alive","Charset":"UTF-8","Content-Type":"application/json"},"body":"{\"platform\":\"all\",\"audience\":\"all\",\"notification\":{\"alert\":\"Hi, JPush\"},\"options\":{\"sendno\":7745,\"apns_production\":false}}"} []
[2014-12-22 11:35:46] JPush.DEBUG: Send POST {"method":"POST","uri":"https://api.jpush.cn/v3/push","headers":{"User-Agent":"JPush-API-PHP-Client","Connection":"Keep-Alive","Charset":"UTF-8","Content-Type":"application/json"},"body":"{\"platform\":\"all\",\"audience\":\"all\",\"notification\":{\"alert\":\"Hi, JPush\",\"ios\":{\"alert\":\"Hi, IOS\",\"sound\":\"happy\",\"badge\":\"+1\"}},\"options\":{\"sendno\":48816,\"apns_production\":false}}"} []
[2014-12-22 11:35:48] JPush.DEBUG: Send POST {"method":"POST","uri":"https://api.jpush.cn/v3/push","headers":{"User-Agent":"JPush-API-PHP-Client","Connection":"Keep-Alive","Charset":"UTF-8","Content-Type":"application/json"},"body":"{\"platform\":[\"ios\",\"android\"],\"audience\":{\"registration_id\":[\"0802f1b5895\"]},\"notification\":{\"alert\":\"Hi, JPush\",\"android\":{\"alert\":\"Hi, android\"},\"ios\":{\"alert\":\"Hi, ios\",\"sound\":\"happy\",\"badge\":1,\"content-available\":1,\"category\":\"THE-CATEGORY\"}},\"message\":{\"msg_content\":\"msg content\",\"extras\":{\"key\":\"value\"}},\"options\":{\"sendno\":123456,\"apns_production\":false,\"big_push_duration\":0}}"} []
[2014-12-22 11:35:48] JPush.DEBUG: Send POST {"method":"POST","uri":"https://api.jpush.cn/v3/push","headers":{"User-Agent":"JPush-API-PHP-Client","Connection":"Keep-Alive","Charset":"UTF-8","Content-Type":"application/json"},"body":"{\"platform\":\"all\",\"audience\":[\"no one\"],\"notification\":{\"alert\":\"Hi, JPush\"},\"options\":{\"sendno\":26849,\"apns_production\":false}}"} []
